[25/01/2026, 16.06.59]
ℹ Config loaded kubb.config.mjs

[25/01/2026, 16.06.59]
✓ Config loaded successfully kubb.config.mjs

[25/01/2026, 16.06.59]
ℹ Setup generation ./collection-endpoint/open-api/versi1.yaml

[25/01/2026, 16.06.59]
Configuration:
  • Name: unnamed
  • Root: C:\Rafi\Coding\Others\Saladdin\FE\WebSaladdin
  • Output: ./app/lib/generated
  • Plugins: 3
Output Settings:
  • Write: enabled
  • Formater: prettier
  • Linter: none
Environment:
  • nodeVersion: v22.15.1
  • KubbVersion: 4.15.0
  • platform: win32
  • arch: x64
  • cwd: C:\Rafi\Coding\Others\Saladdin\FE\WebSaladdin

[25/01/2026, 16.06.59]
✓ Input file validated: ./collection-endpoint/open-api/versi1.yaml

[25/01/2026, 16.06.59]
Cleaning output directories
  • Output: ./app/lib/generated

[25/01/2026, 16.06.59]
✓ Fabric initialized
  • File writing: enabled
  • Barrel type: named

[25/01/2026, 16.06.59]
ℹ Build generation ./collection-endpoint/open-api/versi1.yaml

[25/01/2026, 16.06.59]
Generating plugin-oas

[25/01/2026, 16.06.59]
Installing plugin...
  • Plugin Key: [plugin-oas, 1]

[25/01/2026, 16.07.00]
ℹ OpenAPI schema validation failed.

[31m[1mMINPROPERTIES[22m must NOT have fewer than 1 properties[39m

  275 |       "get": {
  276 |         "summary": "Initiate Google Login/Register",
> 277 |         "responses": {},
      |                      ^ [95mminProperties[39m must NOT have fewer than 1 properties
  278 |         "tags": [
  279 |           "Auth"
  280 |         ], undefined

[25/01/2026, 16.07.00]
✗ OAS Validation failed
OpenAPI schema validation failed.

[31m[1mMINPROPERTIES[22m must NOT have fewer than 1 properties[39m

  275 |       "get": {
  276 |         "summary": "Initiate Google Login/Register",
> 277 |         "responses": {},
      |                      ^ [95mminProperties[39m must NOT have fewer than 1 properties
  278 |         "tags": [
  279 |           "Auth"
  280 |         ],

[25/01/2026, 16.07.00]
Building 0 schemas
  • Content Type: application/json
  • Generators: 1

[25/01/2026, 16.07.00]
Building 18 operations
  • Generators: 1

[25/01/2026, 16.07.00]
plugin-oas completed in 1.11s

[25/01/2026, 16.07.00]
✓ Plugin installed successfully (1.11s)

[25/01/2026, 16.07.00]
Generating plugin-ts

[25/01/2026, 16.07.00]
Installing plugin...
  • Plugin Key: [plugin-ts, 1]

[25/01/2026, 16.07.00]
Building 0 schemas
  • Content Type: application/json
  • Generators: 1

[25/01/2026, 16.07.00]
Building 18 operations
  • Generators: 1

[25/01/2026, 16.07.00]
plugin-ts completed in 160ms

[25/01/2026, 16.07.00]
✓ Plugin installed successfully (160ms)

[25/01/2026, 16.07.00]
Generating plugin-react-query

[25/01/2026, 16.07.00]
Installing plugin...
  • Plugin Key: [plugin-react-query, 1]

[25/01/2026, 16.07.00]
Building 18 operations
  • Generators: 7

[25/01/2026, 16.07.00]
plugin-react-query completed in 321ms

[25/01/2026, 16.07.00]
✓ Plugin installed successfully (321ms)

[25/01/2026, 16.07.00]
Generating barrel file
  • Type: named
  • Path: C:\Rafi\Coding\Others\Saladdin\FE\WebSaladdin\app\lib\generated\index.ts

[25/01/2026, 16.07.00]
Found 46 indexable files for barrel export

[25/01/2026, 16.07.00]
✓ Generated barrel file (207 exports)

[25/01/2026, 16.07.00]
ℹ Writing 50 files undefined

[25/01/2026, 16.07.00]
Start 50 writing:
C:\Rafi\Coding\Others\Saladdin\FE\WebSaladdin\app\lib\generated\index.ts
C:\Rafi\Coding\Others\Saladdin\FE\WebSaladdin\app\lib\generated\types\index.ts
C:\Rafi\Coding\Others\Saladdin\FE\WebSaladdin\app\lib\generated\hooks\index.ts
C:\Rafi\Coding\Others\Saladdin\FE\WebSaladdin\app\lib\generated\.kubb\config.ts
C:\Rafi\Coding\Others\Saladdin\FE\WebSaladdin\app\lib\generated\types\GetApiMe.ts
C:\Rafi\Coding\Others\Saladdin\FE\WebSaladdin\app\lib\generated\hooks\useGetApiMe.ts
C:\Rafi\Coding\Others\Saladdin\FE\WebSaladdin\app\lib\generated\types\PostApiLogout.ts
C:\Rafi\Coding\Others\Saladdin\FE\WebSaladdin\app\lib\generated\types\GetApiCourses.ts
C:\Rafi\Coding\Others\Saladdin\FE\WebSaladdin\app\lib\generated\types\GetApiMyCourses.ts
C:\Rafi\Coding\Others\Saladdin\FE\WebSaladdin\app\lib\generated\types\PostApiAuthLogin.ts
C:\Rafi\Coding\Others\Saladdin\FE\WebSaladdin\app\lib\generated\types\GetApiAuthGoogle.ts
C:\Rafi\Coding\Others\Saladdin\FE\WebSaladdin\app\lib\generated\hooks\useGetApiCourses.ts
C:\Rafi\Coding\Others\Saladdin\FE\WebSaladdin\app\lib\generated\hooks\usePostApiLogout.ts
C:\Rafi\Coding\Others\Saladdin\FE\WebSaladdin\app\lib\generated\types\GetApiCoursesSlug.ts
C:\Rafi\Coding\Others\Saladdin\FE\WebSaladdin\app\lib\generated\hooks\useGetApiMyCourses.ts
C:\Rafi\Coding\Others\Saladdin\FE\WebSaladdin\app\lib\generated\types\PostApiAuthRegister.ts
C:\Rafi\Coding\Others\Saladdin\FE\WebSaladdin\app\lib\generated\hooks\useGetApiAuthGoogle.ts
C:\Rafi\Coding\Others\Saladdin\FE\WebSaladdin\app\lib\generated\hooks\useGetApiMeSuspense.ts
C:\Rafi\Coding\Others\Saladdin\FE\WebSaladdin\app\lib\generated\hooks\usePostApiAuthLogin.ts
C:\Rafi\Coding\Others\Saladdin\FE\WebSaladdin\app\lib\generated\types\GetApiDashboardStats.ts
C:\Rafi\Coding\Others\Saladdin\FE\WebSaladdin\app\lib\generated\hooks\useGetApiCoursesSlug.ts
C:\Rafi\Coding\Others\Saladdin\FE\WebSaladdin\app\lib\generated\types\GetApiLessonsLessonid.ts
C:\Rafi\Coding\Others\Saladdin\FE\WebSaladdin\app\lib\generated\hooks\usePostApiAuthRegister.ts
C:\Rafi\Coding\Others\Saladdin\FE\WebSaladdin\app\lib\generated\hooks\useGetApiDashboardStats.ts
C:\Rafi\Coding\Others\Saladdin\FE\WebSaladdin\app\lib\generated\hooks\useGetApiLessonsLessonid.ts
C:\Rafi\Coding\Others\Saladdin\FE\WebSaladdin\app\lib\generated\hooks\useGetApiCoursesSuspense.ts
C:\Rafi\Coding\Others\Saladdin\FE\WebSaladdin\app\lib\generated\types\GetApiQuizAttempts1Review.ts
C:\Rafi\Coding\Others\Saladdin\FE\WebSaladdin\app\lib\generated\hooks\useGetApiMyCoursesSuspense.ts
C:\Rafi\Coding\Others\Saladdin\FE\WebSaladdin\app\lib\generated\hooks\useGetApiAuthGoogleSuspense.ts
C:\Rafi\Coding\Others\Saladdin\FE\WebSaladdin\app\lib\generated\types\PostApiCoursesCourseidEnroll.ts
C:\Rafi\Coding\Others\Saladdin\FE\WebSaladdin\app\lib\generated\types\PostApiAdminCourses1Sections.ts
C:\Rafi\Coding\Others\Saladdin\FE\WebSaladdin\app\lib\generated\hooks\useGetApiQuizAttempts1Review.ts
C:\Rafi\Coding\Others\Saladdin\FE\WebSaladdin\app\lib\generated\hooks\useGetApiCoursesSlugSuspense.ts
C:\Rafi\Coding\Others\Saladdin\FE\WebSaladdin\app\lib\generated\types\PostApiLessonsLessonidComplete.ts
C:\Rafi\Coding\Others\Saladdin\FE\WebSaladdin\app\lib\generated\types\GetApiDashboardContinueLearning.ts
C:\Rafi\Coding\Others\Saladdin\FE\WebSaladdin\app\lib\generated\hooks\useGetApiDashboardStatsSuspense.ts
C:\Rafi\Coding\Others\Saladdin\FE\WebSaladdin\app\lib\generated\hooks\usePostApiCoursesCourseidEnroll.ts
C:\Rafi\Coding\Others\Saladdin\FE\WebSaladdin\app\lib\generated\hooks\usePostApiAdminCourses1Sections.ts
C:\Rafi\Coding\Others\Saladdin\FE\WebSaladdin\app\lib\generated\types\PostApiLessonsLessonidSubmitQuiz.ts
C:\Rafi\Coding\Others\Saladdin\FE\WebSaladdin\app\lib\generated\hooks\useGetApiLessonsLessonidSuspense.ts
C:\Rafi\Coding\Others\Saladdin\FE\WebSaladdin\app\lib\generated\types\GetApiLessonsLessonidQuestionsSeq.ts
C:\Rafi\Coding\Others\Saladdin\FE\WebSaladdin\app\lib\generated\hooks\usePostApiLessonsLessonidComplete.ts
C:\Rafi\Coding\Others\Saladdin\FE\WebSaladdin\app\lib\generated\hooks\useGetApiDashboardContinueLearning.ts
C:\Rafi\Coding\Others\Saladdin\FE\WebSaladdin\app\lib\generated\hooks\usePostApiLessonsLessonidSubmitQuiz.ts
C:\Rafi\Coding\Others\Saladdin\FE\WebSaladdin\app\lib\generated\types\PostApiAdminSectionsSectionidLessons.ts
C:\Rafi\Coding\Others\Saladdin\FE\WebSaladdin\app\lib\generated\hooks\useGetApiLessonsLessonidQuestionsSeq.ts
C:\Rafi\Coding\Others\Saladdin\FE\WebSaladdin\app\lib\generated\hooks\useGetApiQuizAttempts1ReviewSuspense.ts
C:\Rafi\Coding\Others\Saladdin\FE\WebSaladdin\app\lib\generated\hooks\usePostApiAdminSectionsSectionidLessons.ts
C:\Rafi\Coding\Others\Saladdin\FE\WebSaladdin\app\lib\generated\hooks\useGetApiDashboardContinueLearningSuspense.ts
C:\Rafi\Coding\Others\Saladdin\FE\WebSaladdin\app\lib\generated\hooks\useGetApiLessonsLessonidQuestionsSeqSuspense.ts

[25/01/2026, 16.07.00]
Writing 50 files...

[25/01/2026, 16.07.01]
✓ File write process completed for 50 files

[25/01/2026, 16.07.01]
ℹ Load summary undefined

[25/01/2026, 16.07.01]
✓ Generation successfully ./collection-endpoint/open-api/versi1.yaml