[19/01/2026, 21.40.43]
ℹ Config loaded kubb.config.mjs

[19/01/2026, 21.40.43]
✓ Config loaded successfully kubb.config.mjs

[19/01/2026, 21.40.43]
ℹ Setup generation ./collection-endpoint/open-api/versi1.yaml

[19/01/2026, 21.40.43]
Configuration:
  • Name: unnamed
  • Root: C:\Rafi\Coding\Others\Saladdin\FE\WebSaladdin
  • Output: ./app/lib/generated
  • Plugins: 3
Output Settings:
  • Write: enabled
  • Formater: prettier
  • Linter: none
Environment:
  • nodeVersion: v22.15.1
  • KubbVersion: 4.15.0
  • platform: win32
  • arch: x64
  • cwd: C:\Rafi\Coding\Others\Saladdin\FE\WebSaladdin

[19/01/2026, 21.40.43]
✓ Input file validated: ./collection-endpoint/open-api/versi1.yaml

[19/01/2026, 21.40.43]
Cleaning output directories
  • Output: ./app/lib/generated

[19/01/2026, 21.40.43]
✓ Fabric initialized
  • File writing: enabled
  • Barrel type: named

[19/01/2026, 21.40.43]
ℹ Build generation ./collection-endpoint/open-api/versi1.yaml

[19/01/2026, 21.40.43]
Generating plugin-oas

[19/01/2026, 21.40.43]
Installing plugin...
  • Plugin Key: [plugin-oas, 1]

[19/01/2026, 21.40.43]
ℹ OpenAPI schema validation failed.

Entries in the OpenAPI `paths` object must begin with a leading slash. undefined

[19/01/2026, 21.40.43]
✗ OAS Validation failed
OpenAPI schema validation failed.

Entries in the OpenAPI `paths` object must begin with a leading slash.

[19/01/2026, 21.40.43]
Building 0 schemas
  • Content Type: application/json
  • Generators: 1

[19/01/2026, 21.40.43]
Building 18 operations
  • Generators: 1

[19/01/2026, 21.40.43]
plugin-oas completed in 812ms

[19/01/2026, 21.40.43]
✓ Plugin installed successfully (812ms)

[19/01/2026, 21.40.43]
Generating plugin-ts

[19/01/2026, 21.40.43]
Installing plugin...
  • Plugin Key: [plugin-ts, 1]

[19/01/2026, 21.40.43]
Building 0 schemas
  • Content Type: application/json
  • Generators: 1

[19/01/2026, 21.40.43]
Building 18 operations
  • Generators: 1

[19/01/2026, 21.40.43]
plugin-ts completed in 131ms

[19/01/2026, 21.40.43]
✓ Plugin installed successfully (131ms)

[19/01/2026, 21.40.43]
Generating plugin-react-query

[19/01/2026, 21.40.43]
Installing plugin...
  • Plugin Key: [plugin-react-query, 1]

[19/01/2026, 21.40.44]
Building 18 operations
  • Generators: 7

[19/01/2026, 21.40.44]
plugin-react-query completed in 271ms

[19/01/2026, 21.40.44]
✓ Plugin installed successfully (271ms)

[19/01/2026, 21.40.44]
Generating barrel file
  • Type: named
  • Path: C:\Rafi\Coding\Others\Saladdin\FE\WebSaladdin\app\lib\generated\index.ts

[19/01/2026, 21.40.44]
Found 46 indexable files for barrel export

[19/01/2026, 21.40.44]
✓ Generated barrel file (194 exports)

[19/01/2026, 21.40.44]
ℹ Writing 50 files undefined

[19/01/2026, 21.40.44]
Start 50 writing:
C:\Rafi\Coding\Others\Saladdin\FE\WebSaladdin\app\lib\generated\index.ts
C:\Rafi\Coding\Others\Saladdin\FE\WebSaladdin\app\lib\generated\types\index.ts
C:\Rafi\Coding\Others\Saladdin\FE\WebSaladdin\app\lib\generated\hooks\index.ts
C:\Rafi\Coding\Others\Saladdin\FE\WebSaladdin\app\lib\generated\.kubb\config.ts
C:\Rafi\Coding\Others\Saladdin\FE\WebSaladdin\app\lib\generated\types\GetBaseUrlApiMe.ts
C:\Rafi\Coding\Others\Saladdin\FE\WebSaladdin\app\lib\generated\hooks\useGetBaseUrlApiMe.ts
C:\Rafi\Coding\Others\Saladdin\FE\WebSaladdin\app\lib\generated\types\PostBaseUrlApiLogout.ts
C:\Rafi\Coding\Others\Saladdin\FE\WebSaladdin\app\lib\generated\types\GetBaseUrlApiCourses.ts
C:\Rafi\Coding\Others\Saladdin\FE\WebSaladdin\app\lib\generated\types\GetBaseUrlApiMyCourses.ts
C:\Rafi\Coding\Others\Saladdin\FE\WebSaladdin\app\lib\generated\types\PostBaseUrlApiAuthLogin.ts
C:\Rafi\Coding\Others\Saladdin\FE\WebSaladdin\app\lib\generated\types\GetBaseUrlApiAuthGoogle.ts
C:\Rafi\Coding\Others\Saladdin\FE\WebSaladdin\app\lib\generated\hooks\useGetBaseUrlApiCourses.ts
C:\Rafi\Coding\Others\Saladdin\FE\WebSaladdin\app\lib\generated\hooks\usePostBaseUrlApiLogout.ts
C:\Rafi\Coding\Others\Saladdin\FE\WebSaladdin\app\lib\generated\types\GetBaseUrlApiCoursesSlug.ts
C:\Rafi\Coding\Others\Saladdin\FE\WebSaladdin\app\lib\generated\hooks\useGetBaseUrlApiMyCourses.ts
C:\Rafi\Coding\Others\Saladdin\FE\WebSaladdin\app\lib\generated\types\PostBaseUrlApiAuthRegister.ts
C:\Rafi\Coding\Others\Saladdin\FE\WebSaladdin\app\lib\generated\hooks\useGetBaseUrlApiAuthGoogle.ts
C:\Rafi\Coding\Others\Saladdin\FE\WebSaladdin\app\lib\generated\hooks\useGetBaseUrlApiMeSuspense.ts
C:\Rafi\Coding\Others\Saladdin\FE\WebSaladdin\app\lib\generated\hooks\usePostBaseUrlApiAuthLogin.ts
C:\Rafi\Coding\Others\Saladdin\FE\WebSaladdin\app\lib\generated\types\GetBaseUrlApiDashboardStats.ts
C:\Rafi\Coding\Others\Saladdin\FE\WebSaladdin\app\lib\generated\hooks\useGetBaseUrlApiCoursesSlug.ts
C:\Rafi\Coding\Others\Saladdin\FE\WebSaladdin\app\lib\generated\types\GetBaseUrlApiLessonsLessonid.ts
C:\Rafi\Coding\Others\Saladdin\FE\WebSaladdin\app\lib\generated\hooks\usePostBaseUrlApiAuthRegister.ts
C:\Rafi\Coding\Others\Saladdin\FE\WebSaladdin\app\lib\generated\hooks\useGetBaseUrlApiDashboardStats.ts
C:\Rafi\Coding\Others\Saladdin\FE\WebSaladdin\app\lib\generated\hooks\useGetBaseUrlApiLessonsLessonid.ts
C:\Rafi\Coding\Others\Saladdin\FE\WebSaladdin\app\lib\generated\hooks\useGetBaseUrlApiCoursesSuspense.ts
C:\Rafi\Coding\Others\Saladdin\FE\WebSaladdin\app\lib\generated\types\GetBaseUrlApiQuizAttempts1Review.ts
C:\Rafi\Coding\Others\Saladdin\FE\WebSaladdin\app\lib\generated\hooks\useGetBaseUrlApiMyCoursesSuspense.ts
C:\Rafi\Coding\Others\Saladdin\FE\WebSaladdin\app\lib\generated\hooks\useGetBaseUrlApiAuthGoogleSuspense.ts
C:\Rafi\Coding\Others\Saladdin\FE\WebSaladdin\app\lib\generated\types\PostBaseUrlApiCoursesCourseidEnroll.ts
C:\Rafi\Coding\Others\Saladdin\FE\WebSaladdin\app\lib\generated\types\PostBaseUrlApiAdminCourses1Sections.ts
C:\Rafi\Coding\Others\Saladdin\FE\WebSaladdin\app\lib\generated\hooks\useGetBaseUrlApiQuizAttempts1Review.ts
C:\Rafi\Coding\Others\Saladdin\FE\WebSaladdin\app\lib\generated\hooks\useGetBaseUrlApiCoursesSlugSuspense.ts
C:\Rafi\Coding\Others\Saladdin\FE\WebSaladdin\app\lib\generated\types\PostBaseUrlApiLessonsLessonidComplete.ts
C:\Rafi\Coding\Others\Saladdin\FE\WebSaladdin\app\lib\generated\types\GetBaseUrlApiDashboardContinueLearning.ts
C:\Rafi\Coding\Others\Saladdin\FE\WebSaladdin\app\lib\generated\hooks\useGetBaseUrlApiDashboardStatsSuspense.ts
C:\Rafi\Coding\Others\Saladdin\FE\WebSaladdin\app\lib\generated\hooks\usePostBaseUrlApiCoursesCourseidEnroll.ts
C:\Rafi\Coding\Others\Saladdin\FE\WebSaladdin\app\lib\generated\hooks\usePostBaseUrlApiAdminCourses1Sections.ts
C:\Rafi\Coding\Others\Saladdin\FE\WebSaladdin\app\lib\generated\types\PostBaseUrlApiLessonsLessonidSubmitQuiz.ts
C:\Rafi\Coding\Others\Saladdin\FE\WebSaladdin\app\lib\generated\hooks\useGetBaseUrlApiLessonsLessonidSuspense.ts
C:\Rafi\Coding\Others\Saladdin\FE\WebSaladdin\app\lib\generated\types\GetBaseUrlApiLessonsLessonidQuestionsSeq.ts
C:\Rafi\Coding\Others\Saladdin\FE\WebSaladdin\app\lib\generated\hooks\usePostBaseUrlApiLessonsLessonidComplete.ts
C:\Rafi\Coding\Others\Saladdin\FE\WebSaladdin\app\lib\generated\hooks\useGetBaseUrlApiDashboardContinueLearning.ts
C:\Rafi\Coding\Others\Saladdin\FE\WebSaladdin\app\lib\generated\hooks\usePostBaseUrlApiLessonsLessonidSubmitQuiz.ts
C:\Rafi\Coding\Others\Saladdin\FE\WebSaladdin\app\lib\generated\types\PostBaseUrlApiAdminSectionsSectionidLessons.ts
C:\Rafi\Coding\Others\Saladdin\FE\WebSaladdin\app\lib\generated\hooks\useGetBaseUrlApiLessonsLessonidQuestionsSeq.ts
C:\Rafi\Coding\Others\Saladdin\FE\WebSaladdin\app\lib\generated\hooks\useGetBaseUrlApiQuizAttempts1ReviewSuspense.ts
C:\Rafi\Coding\Others\Saladdin\FE\WebSaladdin\app\lib\generated\hooks\usePostBaseUrlApiAdminSectionsSectionidLessons.ts
C:\Rafi\Coding\Others\Saladdin\FE\WebSaladdin\app\lib\generated\hooks\useGetBaseUrlApiDashboardContinueLearningSuspense.ts
C:\Rafi\Coding\Others\Saladdin\FE\WebSaladdin\app\lib\generated\hooks\useGetBaseUrlApiLessonsLessonidQuestionsSeqSuspense.ts

[19/01/2026, 21.40.44]
Writing 50 files...

[19/01/2026, 21.40.44]
✓ File write process completed for 50 files

[19/01/2026, 21.40.44]
ℹ Load summary undefined

[19/01/2026, 21.40.44]
✓ Generation successfully ./collection-endpoint/open-api/versi1.yaml